2025-05-29 13:33:45,415 - INFO - WebDriver initialized successfully
2025-05-29 13:33:45,415 - INFO - Starting scrape of https://www.textileworld.eu/catalogsearch/result/index/adjclear/true/
2025-05-29 13:33:50,741 - INFO - Found 22 products (+22)
2025-05-29 13:33:55,189 - INFO - No new products (1/5 attempts)
2025-05-29 13:33:59,313 - INFO - No new products (2/5 attempts)
2025-05-29 13:34:02,062 - INFO - No new products (3/5 attempts)
2025-05-29 13:34:07,171 - INFO - No new products (4/5 attempts)
2025-05-29 13:34:10,145 - INFO - No new products (5/5 attempts)
2025-05-29 13:34:11,203 - INFO - No more products loading, ending scroll
2025-05-29 13:34:11,203 - INFO - Saved 22 product URLs to textileworld_products.csv
2025-05-29 13:34:11,204 - INFO - Scraping complete. Found 22 products.
2025-05-29 15:21:22,713 - INFO - WebDriver initialized successfully
2025-05-29 15:21:22,714 - INFO - Starting scrape of https://www.textileworld.eu/catalogsearch/result/index/adjclear/true/
2025-05-29 15:21:27,719 - INFO - Found 22 products (+22)
2025-05-29 15:21:31,957 - INFO - No new products (1/5 attempts)
2025-05-29 15:21:35,136 - INFO - No new products (2/5 attempts)
2025-05-29 15:21:37,635 - INFO - No new products (3/5 attempts)
2025-05-29 15:21:41,367 - INFO - No new products (4/5 attempts)
2025-05-29 15:21:46,061 - INFO - No new products (5/5 attempts)
2025-05-29 15:21:47,157 - INFO - No more products loading, ending scroll
2025-05-29 15:21:47,157 - INFO - Saved 22 product URLs to textileworld_products.csv
2025-05-29 15:21:47,158 - INFO - Scraping complete. Found 22 products.
